<?xml version="1.0" encoding="UTF-8"?>
<!-- Generated by org.testng.reporters.JUnitReportReporter -->
<testsuite hostname="chitta-PC" name="com.test.TestNgBasics" tests="1" failures="0" timestamp="31 Jan 2019 18:50:44 GMT" time="0.007" errors="0">
  <testcase name="googleTitleTest" time="0.007" classname="com.test.TestNgBasics"/>
</testsuite> <!-- com.test.TestNgBasics -->
