<?xml version="1.0" encoding="UTF-8"?>
<!-- Generated by org.testng.reporters.JUnitReportReporter -->
<testsuite hostname="chitta-PC" name="com.test.InvocationCountTest" tests="10" failures="0" timestamp="4 Feb 2019 05:21:28 GMT" time="0.030" errors="0">
  <testcase name="sum" time="0.017" classname="com.test.InvocationCountTest"/>
  <testcase name="sum" time="0.001" classname="com.test.InvocationCountTest"/>
  <testcase name="sum" time="0.001" classname="com.test.InvocationCountTest"/>
  <testcase name="sum" time="0.002" classname="com.test.InvocationCountTest"/>
  <testcase name="sum" time="0.001" classname="com.test.InvocationCountTest"/>
  <testcase name="sum" time="0.002" classname="com.test.InvocationCountTest"/>
  <testcase name="sum" time="0.002" classname="com.test.InvocationCountTest"/>
  <testcase name="sum" time="0.001" classname="com.test.InvocationCountTest"/>
  <testcase name="sum" time="0.002" classname="com.test.InvocationCountTest"/>
  <testcase name="sum" time="0.001" classname="com.test.InvocationCountTest"/>
</testsuite> <!-- com.test.InvocationCountTest -->
