<?xml version="1.0" encoding="UTF-8"?>
<!-- Generated by org.testng.reporters.JUnitReportReporter -->
<testsuite hostname="chitta-PC" name="com.test.TestNgFeatures1" tests="2" failures="0" timestamp="4 Feb 2019 05:07:43 GMT" time="0.016" errors="0">
  <testcase name="loginTest" time="0.014" classname="com.test.TestNgFeatures1"/>
  <testcase name="HomePageTest" time="0.002" classname="com.test.TestNgFeatures1"/>
</testsuite> <!-- com.test.TestNgFeatures1 -->
