<?xml version="1.0" encoding="UTF-8"?>
<!-- Generated by org.testng.reporters.JUnitReportReporter -->
<testsuite hostname="chitta-PC" name="com.test.TestNgFeatures" tests="2" failures="0" timestamp="3 Feb 2019 07:22:51 GMT" time="0.017" errors="0">
  <testcase name="HomePageTest" time="0.015" classname="com.test.TestNgFeatures"/>
  <testcase name="loginTest" time="0.002" classname="com.test.TestNgFeatures"/>
</testsuite> <!-- com.test.TestNgFeatures -->
